{"/Users/sihan.sun/Documents/GitHub/StandupMaster/assets/checkmark.png": {"path":"/Users/sihan.sun/Documents/GitHub/StandupMaster/assets/checkmark.png","statementMap":{"0":{"start":{"line":1,"column":0},"end":{"line":1,"column":19}}},"fnMap":{},"branchMap":{},"s":{"0":3},"f":{},"b":{},"inputSourceMap":null,"_coverageSchema":"1a1c01bbd47fc00a2c39e90264f33305004495a9","hash":"13d93d18f01342939928acba6d348e12b35a79b4"}
,"/Users/sihan.sun/Documents/GitHub/StandupMaster/assets/delete.png": {"path":"/Users/sihan.sun/Documents/GitHub/StandupMaster/assets/delete.png","statementMap":{"0":{"start":{"line":1,"column":0},"end":{"line":1,"column":19}}},"fnMap":{},"branchMap":{},"s":{"0":3},"f":{},"b":{},"inputSourceMap":null,"_coverageSchema":"1a1c01bbd47fc00a2c39e90264f33305004495a9","hash":"2dcfdfce132a99ba88a8c0a6adda81587684ec9e"}
,"/Users/sihan.sun/Documents/GitHub/StandupMaster/assets/meeting.jpg": {"path":"/Users/sihan.sun/Documents/GitHub/StandupMaster/assets/meeting.jpg","statementMap":{"0":{"start":{"line":1,"column":0},"end":{"line":1,"column":19}}},"fnMap":{},"branchMap":{},"s":{"0":1},"f":{},"b":{},"inputSourceMap":null,"_coverageSchema":"1a1c01bbd47fc00a2c39e90264f33305004495a9","hash":"1d901e26d389912e50f4bcafca6064666599f1b5"}
,"/Users/sihan.sun/Documents/GitHub/StandupMaster/assets/person.png": {"path":"/Users/sihan.sun/Documents/GitHub/StandupMaster/assets/person.png","statementMap":{"0":{"start":{"line":1,"column":0},"end":{"line":1,"column":19}}},"fnMap":{},"branchMap":{},"s":{"0":3},"f":{},"b":{},"inputSourceMap":null,"_coverageSchema":"1a1c01bbd47fc00a2c39e90264f33305004495a9","hash":"06de3a201a1b119adc311e530eab6a36ece9aa1e"}
,"/Users/sihan.sun/Documents/GitHub/StandupMaster/assets/up-arrow.png": {"path":"/Users/sihan.sun/Documents/GitHub/StandupMaster/assets/up-arrow.png","statementMap":{"0":{"start":{"line":1,"column":0},"end":{"line":1,"column":19}}},"fnMap":{},"branchMap":{},"s":{"0":1},"f":{},"b":{},"inputSourceMap":null,"_coverageSchema":"1a1c01bbd47fc00a2c39e90264f33305004495a9","hash":"7b18a8295e3757789f68c70e7b517f35dc71e761"}
,"/Users/sihan.sun/Documents/GitHub/StandupMaster/src/navigationRef.js": {"path":"/Users/sihan.sun/Documents/GitHub/StandupMaster/src/navigationRef.js","statementMap":{"0":{"start":{"line":3,"column":16},"end":{"line":3,"column":20}},"1":{"start":{"line":5,"column":28},"end":{"line":7,"column":1}},"2":{"start":{"line":6,"column":2},"end":{"line":6,"column":18}},"3":{"start":{"line":9,"column":24},"end":{"line":16,"column":1}},"4":{"start":{"line":10,"column":2},"end":{"line":15,"column":4}}},"fnMap":{"0":{"name":"(anonymous_0)","decl":{"start":{"line":5,"column":28},"end":{"line":5,"column":29}},"loc":{"start":{"line":5,"column":35},"end":{"line":7,"column":1}},"line":5},"1":{"name":"(anonymous_1)","decl":{"start":{"line":9,"column":24},"end":{"line":9,"column":25}},"loc":{"start":{"line":9,"column":47},"end":{"line":16,"column":1}},"line":9}},"branchMap":{"0":{"loc":{"start":{"line":10,"column":2},"end":{"line":15,"column":3}},"type":"binary-expr","locations":[{"start":{"line":10,"column":2},"end":{"line":10,"column":11}},{"start":{"line":10,"column":15},"end":{"line":15,"column":3}}],"line":10}},"s":{"0":1,"1":1,"2":0,"3":1,"4":0},"f":{"0":0,"1":0},"b":{"0":[0,0]},"_coverageSchema":"1a1c01bbd47fc00a2c39e90264f33305004495a9","hash":"db02b47f80a0a5607350c3764bf96eff7ab80f21"}
,"/Users/sihan.sun/Documents/GitHub/StandupMaster/src/styles.js": {"path":"/Users/sihan.sun/Documents/GitHub/StandupMaster/src/styles.js","statementMap":{},"fnMap":{},"branchMap":{},"s":{},"f":{},"b":{},"_coverageSchema":"1a1c01bbd47fc00a2c39e90264f33305004495a9","hash":"bf78f09934157de4286901f6fc938a525092f5db"}
,"/Users/sihan.sun/Documents/GitHub/StandupMaster/src/api/teams.js": {"path":"/Users/sihan.sun/Documents/GitHub/StandupMaster/src/api/teams.js","statementMap":{"0":{"start":{"line":3,"column":16},"end":{"line":15,"column":1}},"1":{"start":{"line":4,"column":2},"end":{"line":6,"column":3}},"2":{"start":{"line":5,"column":6},"end":{"line":5,"column":18}},"3":{"start":{"line":8,"column":2},"end":{"line":14,"column":5}},"4":{"start":{"line":17,"column":23},"end":{"line":26,"column":1}},"5":{"start":{"line":18,"column":2},"end":{"line":25,"column":3}},"6":{"start":{"line":19,"column":19},"end":{"line":19,"column":60}},"7":{"start":{"line":20,"column":2},"end":{"line":20,"column":21}},"8":{"start":{"line":21,"column":4},"end":{"line":21,"column":24}},"9":{"start":{"line":23,"column":4},"end":{"line":23,"column":23}},"10":{"start":{"line":24,"column":2},"end":{"line":24,"column":14}},"11":{"start":{"line":28,"column":23},"end":{"line":35,"column":1}},"12":{"start":{"line":29,"column":2},"end":{"line":34,"column":3}},"13":{"start":{"line":30,"column":4},"end":{"line":30,"column":21}},"14":{"start":{"line":31,"column":4},"end":{"line":31,"column":52}},"15":{"start":{"line":33,"column":4},"end":{"line":33,"column":23}},"16":{"start":{"line":37,"column":29},"end":{"line":45,"column":1}},"17":{"start":{"line":38,"column":2},"end":{"line":44,"column":3}},"18":{"start":{"line":39,"column":17},"end":{"line":39,"column":40}},"19":{"start":{"line":40,"column":4},"end":{"line":40,"column":22}},"20":{"start":{"line":41,"column":4},"end":{"line":41,"column":61}},"21":{"start":{"line":43,"column":4},"end":{"line":43,"column":23}},"22":{"start":{"line":47,"column":32},"end":{"line":53,"column":1}},"23":{"start":{"line":48,"column":2},"end":{"line":52,"column":3}},"24":{"start":{"line":49,"column":4},"end":{"line":49,"column":66}},"25":{"start":{"line":51,"column":4},"end":{"line":51,"column":23}},"26":{"start":{"line":55,"column":33},"end":{"line":63,"column":1}},"27":{"start":{"line":56,"column":2},"end":{"line":62,"column":3}},"28":{"start":{"line":57,"column":4},"end":{"line":57,"column":23}},"29":{"start":{"line":58,"column":4},"end":{"line":58,"column":21}},"30":{"start":{"line":59,"column":4},"end":{"line":59,"column":69}},"31":{"start":{"line":61,"column":4},"end":{"line":61,"column":23}},"32":{"start":{"line":65,"column":35},"end":{"line":71,"column":1}},"33":{"start":{"line":66,"column":2},"end":{"line":70,"column":3}},"34":{"start":{"line":67,"column":4},"end":{"line":67,"column":74}},"35":{"start":{"line":69,"column":4},"end":{"line":69,"column":23}}},"fnMap":{"0":{"name":"(anonymous_0)","decl":{"start":{"line":3,"column":16},"end":{"line":3,"column":17}},"loc":{"start":{"line":3,"column":30},"end":{"line":15,"column":1}},"line":3},"1":{"name":"(anonymous_1)","decl":{"start":{"line":17,"column":23},"end":{"line":17,"column":24}},"loc":{"start":{"line":17,"column":51},"end":{"line":26,"column":1}},"line":17},"2":{"name":"(anonymous_2)","decl":{"start":{"line":28,"column":23},"end":{"line":28,"column":24}},"loc":{"start":{"line":28,"column":57},"end":{"line":35,"column":1}},"line":28},"3":{"name":"(anonymous_3)","decl":{"start":{"line":37,"column":29},"end":{"line":37,"column":30}},"loc":{"start":{"line":37,"column":64},"end":{"line":45,"column":1}},"line":37},"4":{"name":"(anonymous_4)","decl":{"start":{"line":47,"column":32},"end":{"line":47,"column":33}},"loc":{"start":{"line":47,"column":67},"end":{"line":53,"column":1}},"line":47},"5":{"name":"(anonymous_5)","decl":{"start":{"line":55,"column":33},"end":{"line":55,"column":34}},"loc":{"start":{"line":55,"column":67},"end":{"line":63,"column":1}},"line":55},"6":{"name":"(anonymous_6)","decl":{"start":{"line":65,"column":35},"end":{"line":65,"column":36}},"loc":{"start":{"line":65,"column":70},"end":{"line":71,"column":1}},"line":65}},"branchMap":{"0":{"loc":{"start":{"line":4,"column":2},"end":{"line":6,"column":3}},"type":"if","locations":[{"start":{"line":4,"column":2},"end":{"line":6,"column":3}},{"start":{"line":4,"column":2},"end":{"line":6,"column":3}}],"line":4}},"s":{"0":2,"1":0,"2":0,"3":0,"4":2,"5":0,"6":0,"7":0,"8":0,"9":0,"10":0,"11":2,"12":0,"13":0,"14":0,"15":0,"16":2,"17":0,"18":0,"19":0,"20":0,"21":0,"22":2,"23":0,"24":0,"25":0,"26":2,"27":0,"28":0,"29":0,"30":0,"31":0,"32":2,"33":0,"34":0,"35":0},"f":{"0":0,"1":0,"2":0,"3":0,"4":0,"5":0,"6":0},"b":{"0":[0,0]},"_coverageSchema":"1a1c01bbd47fc00a2c39e90264f33305004495a9","hash":"3503caaa25285627346bff11f119c4edbffd1bd1"}
,"/Users/sihan.sun/Documents/GitHub/StandupMaster/src/api/userStatus.js": {"path":"/Users/sihan.sun/Documents/GitHub/StandupMaster/src/api/userStatus.js","statementMap":{"0":{"start":{"line":3,"column":22},"end":{"line":15,"column":1}},"1":{"start":{"line":4,"column":2},"end":{"line":6,"column":3}},"2":{"start":{"line":5,"column":6},"end":{"line":5,"column":18}},"3":{"start":{"line":8,"column":2},"end":{"line":14,"column":5}},"4":{"start":{"line":17,"column":25},"end":{"line":26,"column":1}},"5":{"start":{"line":18,"column":2},"end":{"line":25,"column":3}},"6":{"start":{"line":19,"column":4},"end":{"line":19,"column":27}},"7":{"start":{"line":20,"column":19},"end":{"line":20,"column":69}},"8":{"start":{"line":21,"column":2},"end":{"line":21,"column":21}},"9":{"start":{"line":23,"column":4},"end":{"line":23,"column":23}},"10":{"start":{"line":24,"column":2},"end":{"line":24,"column":14}},"11":{"start":{"line":28,"column":25},"end":{"line":34,"column":1}},"12":{"start":{"line":29,"column":2},"end":{"line":33,"column":3}},"13":{"start":{"line":30,"column":4},"end":{"line":30,"column":61}},"14":{"start":{"line":32,"column":4},"end":{"line":32,"column":23}}},"fnMap":{"0":{"name":"(anonymous_0)","decl":{"start":{"line":3,"column":22},"end":{"line":3,"column":23}},"loc":{"start":{"line":3,"column":36},"end":{"line":15,"column":1}},"line":3},"1":{"name":"(anonymous_1)","decl":{"start":{"line":17,"column":25},"end":{"line":17,"column":26}},"loc":{"start":{"line":17,"column":56},"end":{"line":26,"column":1}},"line":17},"2":{"name":"(anonymous_2)","decl":{"start":{"line":28,"column":25},"end":{"line":28,"column":26}},"loc":{"start":{"line":28,"column":62},"end":{"line":34,"column":1}},"line":28}},"branchMap":{"0":{"loc":{"start":{"line":4,"column":2},"end":{"line":6,"column":3}},"type":"if","locations":[{"start":{"line":4,"column":2},"end":{"line":6,"column":3}},{"start":{"line":4,"column":2},"end":{"line":6,"column":3}}],"line":4}},"s":{"0":1,"1":0,"2":0,"3":0,"4":1,"5":0,"6":0,"7":0,"8":0,"9":0,"10":0,"11":1,"12":0,"13":0,"14":0},"f":{"0":0,"1":0,"2":0},"b":{"0":[0,0]},"_coverageSchema":"1a1c01bbd47fc00a2c39e90264f33305004495a9","hash":"b9ad6ddae2c3f4ef8b583923dd8adc092509bad5"}
,"/Users/sihan.sun/Documents/GitHub/StandupMaster/src/api/users.js": {"path":"/Users/sihan.sun/Documents/GitHub/StandupMaster/src/api/users.js","statementMap":{"0":{"start":{"line":3,"column":16},"end":{"line":15,"column":1}},"1":{"start":{"line":4,"column":2},"end":{"line":6,"column":3}},"2":{"start":{"line":5,"column":6},"end":{"line":5,"column":18}},"3":{"start":{"line":8,"column":2},"end":{"line":14,"column":5}},"4":{"start":{"line":17,"column":24},"end":{"line":25,"column":1}},"5":{"start":{"line":18,"column":2},"end":{"line":24,"column":3}},"6":{"start":{"line":19,"column":19},"end":{"line":19,"column":63}},"7":{"start":{"line":20,"column":2},"end":{"line":20,"column":21}},"8":{"start":{"line":22,"column":4},"end":{"line":22,"column":23}},"9":{"start":{"line":23,"column":2},"end":{"line":23,"column":14}},"10":{"start":{"line":27,"column":24},"end":{"line":33,"column":1}},"11":{"start":{"line":28,"column":2},"end":{"line":32,"column":3}},"12":{"start":{"line":29,"column":4},"end":{"line":29,"column":55}},"13":{"start":{"line":31,"column":4},"end":{"line":31,"column":23}}},"fnMap":{"0":{"name":"(anonymous_0)","decl":{"start":{"line":3,"column":16},"end":{"line":3,"column":17}},"loc":{"start":{"line":3,"column":30},"end":{"line":15,"column":1}},"line":3},"1":{"name":"(anonymous_1)","decl":{"start":{"line":17,"column":24},"end":{"line":17,"column":25}},"loc":{"start":{"line":17,"column":55},"end":{"line":25,"column":1}},"line":17},"2":{"name":"(anonymous_2)","decl":{"start":{"line":27,"column":24},"end":{"line":27,"column":25}},"loc":{"start":{"line":27,"column":61},"end":{"line":33,"column":1}},"line":27}},"branchMap":{"0":{"loc":{"start":{"line":4,"column":2},"end":{"line":6,"column":3}},"type":"if","locations":[{"start":{"line":4,"column":2},"end":{"line":6,"column":3}},{"start":{"line":4,"column":2},"end":{"line":6,"column":3}}],"line":4}},"s":{"0":2,"1":0,"2":0,"3":0,"4":2,"5":0,"6":0,"7":0,"8":0,"9":0,"10":2,"11":0,"12":0,"13":0},"f":{"0":0,"1":0,"2":0},"b":{"0":[0,0]},"_coverageSchema":"1a1c01bbd47fc00a2c39e90264f33305004495a9","hash":"cf3505cfc8d93569aec27af1f96e23ac57fbbde8"}
,"/Users/sihan.sun/Documents/GitHub/StandupMaster/src/components/PropertyTemplate.js": {"path":"/Users/sihan.sun/Documents/GitHub/StandupMaster/src/components/PropertyTemplate.js","statementMap":{"0":{"start":{"line":7,"column":25},"end":{"line":26,"column":1}},"1":{"start":{"line":8,"column":2},"end":{"line":25,"column":3}}},"fnMap":{"0":{"name":"(anonymous_0)","decl":{"start":{"line":7,"column":25},"end":{"line":7,"column":26}},"loc":{"start":{"line":7,"column":53},"end":{"line":26,"column":1}},"line":7}},"branchMap":{"0":{"loc":{"start":{"line":18,"column":8},"end":{"line":22,"column":16}},"type":"cond-expr","locations":[{"start":{"line":19,"column":10},"end":{"line":21,"column":17}},{"start":{"line":22,"column":12},"end":{"line":22,"column":16}}],"line":18}},"s":{"0":2,"1":3},"f":{"0":3},"b":{"0":[1,2]},"_coverageSchema":"1a1c01bbd47fc00a2c39e90264f33305004495a9","hash":"d783af862cb241b5e1fae985e39108c9d134a306"}
,"/Users/sihan.sun/Documents/GitHub/StandupMaster/src/components/RowTemplate.js": {"path":"/Users/sihan.sun/Documents/GitHub/StandupMaster/src/components/RowTemplate.js","statementMap":{"0":{"start":{"line":6,"column":20},"end":{"line":35,"column":1}},"1":{"start":{"line":14,"column":4},"end":{"line":34,"column":5}}},"fnMap":{"0":{"name":"(anonymous_0)","decl":{"start":{"line":6,"column":20},"end":{"line":6,"column":21}},"loc":{"start":{"line":13,"column":16},"end":{"line":35,"column":1}},"line":13}},"branchMap":{},"s":{"0":2,"1":6},"f":{"0":6},"b":{},"_coverageSchema":"1a1c01bbd47fc00a2c39e90264f33305004495a9","hash":"5fd824547ac955551548331a05e901e325c8c129"}
,"/Users/sihan.sun/Documents/GitHub/StandupMaster/src/components/SingleEntryCard.js": {"path":"/Users/sihan.sun/Documents/GitHub/StandupMaster/src/components/SingleEntryCard.js","statementMap":{"0":{"start":{"line":7,"column":24},"end":{"line":21,"column":1}},"1":{"start":{"line":8,"column":2},"end":{"line":20,"column":3}}},"fnMap":{"0":{"name":"(anonymous_0)","decl":{"start":{"line":7,"column":24},"end":{"line":7,"column":25}},"loc":{"start":{"line":7,"column":57},"end":{"line":21,"column":1}},"line":7}},"branchMap":{},"s":{"0":1,"1":3},"f":{"0":3},"b":{},"_coverageSchema":"1a1c01bbd47fc00a2c39e90264f33305004495a9","hash":"98975cf72845f42ee138e82bc29d512e89a34642"}
,"/Users/sihan.sun/Documents/GitHub/StandupMaster/src/components/Summaries.js": {"path":"/Users/sihan.sun/Documents/GitHub/StandupMaster/src/components/Summaries.js","statementMap":{"0":{"start":{"line":9,"column":18},"end":{"line":42,"column":1}},"1":{"start":{"line":11,"column":28},"end":{"line":23,"column":3}},"2":{"start":{"line":12,"column":76},"end":{"line":12,"column":80}},"3":{"start":{"line":13,"column":4},"end":{"line":22,"column":5}},"4":{"start":{"line":25,"column":2},"end":{"line":41,"column":3}},"5":{"start":{"line":36,"column":32},"end":{"line":36,"column":39}}},"fnMap":{"0":{"name":"(anonymous_0)","decl":{"start":{"line":9,"column":18},"end":{"line":9,"column":19}},"loc":{"start":{"line":9,"column":53},"end":{"line":42,"column":1}},"line":9},"1":{"name":"(anonymous_1)","decl":{"start":{"line":11,"column":28},"end":{"line":11,"column":29}},"loc":{"start":{"line":11,"column":40},"end":{"line":23,"column":3}},"line":11},"2":{"name":"(anonymous_2)","decl":{"start":{"line":36,"column":24},"end":{"line":36,"column":25}},"loc":{"start":{"line":36,"column":32},"end":{"line":36,"column":39}},"line":36}},"branchMap":{},"s":{"0":2,"1":9,"2":0,"3":0,"4":9,"5":0},"f":{"0":9,"1":0,"2":0},"b":{},"_coverageSchema":"1a1c01bbd47fc00a2c39e90264f33305004495a9","hash":"6dbcdb6992ea00a561cd019b75926e87419c9689"}
,"/Users/sihan.sun/Documents/GitHub/StandupMaster/src/components/SummaryCard.js": {"path":"/Users/sihan.sun/Documents/GitHub/StandupMaster/src/components/SummaryCard.js","statementMap":{"0":{"start":{"line":6,"column":32},"end":{"line":6,"column":66}},"1":{"start":{"line":7,"column":21},"end":{"line":7,"column":55}},"2":{"start":{"line":8,"column":16},"end":{"line":8,"column":53}},"3":{"start":{"line":10,"column":20},"end":{"line":39,"column":1}},"4":{"start":{"line":11,"column":2},"end":{"line":38,"column":4}}},"fnMap":{"0":{"name":"(anonymous_0)","decl":{"start":{"line":10,"column":20},"end":{"line":10,"column":21}},"loc":{"start":{"line":10,"column":85},"end":{"line":39,"column":1}},"line":10}},"branchMap":{"0":{"loc":{"start":{"line":16,"column":18},"end":{"line":16,"column":76}},"type":"cond-expr","locations":[{"start":{"line":16,"column":31},"end":{"line":16,"column":50}},{"start":{"line":16,"column":53},"end":{"line":16,"column":76}}],"line":16},"1":{"loc":{"start":{"line":23,"column":19},"end":{"line":23,"column":53}},"type":"cond-expr","locations":[{"start":{"line":23,"column":31},"end":{"line":23,"column":43}},{"start":{"line":23,"column":46},"end":{"line":23,"column":53}}],"line":23}},"s":{"0":3,"1":3,"2":3,"3":3,"4":7},"f":{"0":7},"b":{"0":[0,7],"1":[0,7]},"_coverageSchema":"1a1c01bbd47fc00a2c39e90264f33305004495a9","hash":"9886cf23cf0a89d1d408013279ed4f1e9eff246f"}
,"/Users/sihan.sun/Documents/GitHub/StandupMaster/src/context/SharedContext.js": {"path":"/Users/sihan.sun/Documents/GitHub/StandupMaster/src/context/SharedContext.js","statementMap":{"0":{"start":{"line":9,"column":29},"end":{"line":22,"column":1}},"1":{"start":{"line":10,"column":2},"end":{"line":21,"column":3}},"2":{"start":{"line":12,"column":6},"end":{"line":12,"column":55}},"3":{"start":{"line":14,"column":6},"end":{"line":14,"column":43}},"4":{"start":{"line":16,"column":6},"end":{"line":16,"column":52}},"5":{"start":{"line":18,"column":6},"end":{"line":18,"column":51}},"6":{"start":{"line":20,"column":6},"end":{"line":20,"column":53}},"7":{"start":{"line":24,"column":23},"end":{"line":28,"column":1}},"8":{"start":{"line":25,"column":2},"end":{"line":27,"column":3}},"9":{"start":{"line":26,"column":4},"end":{"line":26,"column":80}},"10":{"start":{"line":30,"column":16},"end":{"line":38,"column":1}},"11":{"start":{"line":31,"column":2},"end":{"line":37,"column":3}},"12":{"start":{"line":32,"column":4},"end":{"line":36,"column":9}},"13":{"start":{"line":34,"column":8},"end":{"line":34,"column":38}},"14":{"start":{"line":35,"column":8},"end":{"line":35,"column":29}},"15":{"start":{"line":40,"column":20},"end":{"line":44,"column":1}},"16":{"start":{"line":41,"column":2},"end":{"line":43,"column":3}},"17":{"start":{"line":42,"column":4},"end":{"line":42,"column":71}},"18":{"start":{"line":46,"column":27},"end":{"line":61,"column":1}},"19":{"start":{"line":47,"column":2},"end":{"line":60,"column":3}},"20":{"start":{"line":48,"column":56},"end":{"line":48,"column":64}},"21":{"start":{"line":49,"column":17},"end":{"line":54,"column":6}},"22":{"start":{"line":55,"column":4},"end":{"line":55,"column":42}},"23":{"start":{"line":56,"column":24},"end":{"line":56,"column":55}},"24":{"start":{"line":57,"column":4},"end":{"line":57,"column":34}},"25":{"start":{"line":58,"column":4},"end":{"line":58,"column":29}},"26":{"start":{"line":59,"column":4},"end":{"line":59,"column":77}},"27":{"start":{"line":63,"column":25},"end":{"line":78,"column":1}},"28":{"start":{"line":64,"column":2},"end":{"line":77,"column":3}},"29":{"start":{"line":65,"column":56},"end":{"line":65,"column":64}},"30":{"start":{"line":66,"column":17},"end":{"line":71,"column":6}},"31":{"start":{"line":72,"column":4},"end":{"line":72,"column":42}},"32":{"start":{"line":73,"column":24},"end":{"line":73,"column":55}},"33":{"start":{"line":74,"column":4},"end":{"line":74,"column":34}},"34":{"start":{"line":75,"column":4},"end":{"line":75,"column":29}},"35":{"start":{"line":76,"column":4},"end":{"line":76,"column":77}},"36":{"start":{"line":80,"column":24},"end":{"line":95,"column":1}},"37":{"start":{"line":81,"column":2},"end":{"line":94,"column":3}},"38":{"start":{"line":82,"column":56},"end":{"line":82,"column":64}},"39":{"start":{"line":83,"column":17},"end":{"line":88,"column":6}},"40":{"start":{"line":89,"column":4},"end":{"line":89,"column":42}},"41":{"start":{"line":90,"column":24},"end":{"line":90,"column":55}},"42":{"start":{"line":91,"column":4},"end":{"line":91,"column":34}},"43":{"start":{"line":92,"column":4},"end":{"line":92,"column":29}},"44":{"start":{"line":93,"column":4},"end":{"line":93,"column":77}},"45":{"start":{"line":97,"column":30},"end":{"line":113,"column":1}},"46":{"start":{"line":98,"column":2},"end":{"line":112,"column":3}},"47":{"start":{"line":99,"column":56},"end":{"line":99,"column":64}},"48":{"start":{"line":100,"column":17},"end":{"line":106,"column":6}},"49":{"start":{"line":107,"column":4},"end":{"line":107,"column":42}},"50":{"start":{"line":108,"column":24},"end":{"line":108,"column":55}},"51":{"start":{"line":109,"column":4},"end":{"line":109,"column":34}},"52":{"start":{"line":110,"column":4},"end":{"line":110,"column":29}},"53":{"start":{"line":111,"column":4},"end":{"line":111,"column":77}},"54":{"start":{"line":115,"column":20},"end":{"line":119,"column":1}},"55":{"start":{"line":116,"column":2},"end":{"line":118,"column":3}},"56":{"start":{"line":117,"column":4},"end":{"line":117,"column":71}},"57":{"start":{"line":121,"column":20},"end":{"line":134,"column":1}},"58":{"start":{"line":122,"column":2},"end":{"line":133,"column":3}},"59":{"start":{"line":123,"column":46},"end":{"line":123,"column":54}},"60":{"start":{"line":124,"column":20},"end":{"line":128,"column":5}},"61":{"start":{"line":129,"column":17},"end":{"line":129,"column":40}},"62":{"start":{"line":130,"column":4},"end":{"line":130,"column":38}},"63":{"start":{"line":131,"column":24},"end":{"line":131,"column":51}},"64":{"start":{"line":132,"column":4},"end":{"line":132,"column":74}},"65":{"start":{"line":136,"column":28},"end":{"line":149,"column":1}},"66":{"start":{"line":137,"column":2},"end":{"line":148,"column":3}},"67":{"start":{"line":138,"column":46},"end":{"line":138,"column":54}},"68":{"start":{"line":139,"column":20},"end":{"line":143,"column":5}},"69":{"start":{"line":144,"column":17},"end":{"line":144,"column":40}},"70":{"start":{"line":145,"column":4},"end":{"line":145,"column":38}},"71":{"start":{"line":146,"column":24},"end":{"line":146,"column":51}},"72":{"start":{"line":147,"column":4},"end":{"line":147,"column":74}},"73":{"start":{"line":151,"column":30},"end":{"line":165,"column":1}},"74":{"start":{"line":152,"column":2},"end":{"line":164,"column":3}},"75":{"start":{"line":153,"column":46},"end":{"line":153,"column":54}},"76":{"start":{"line":154,"column":20},"end":{"line":159,"column":5}},"77":{"start":{"line":160,"column":17},"end":{"line":160,"column":40}},"78":{"start":{"line":161,"column":4},"end":{"line":161,"column":38}},"79":{"start":{"line":162,"column":24},"end":{"line":162,"column":51}},"80":{"start":{"line":163,"column":4},"end":{"line":163,"column":74}},"81":{"start":{"line":167,"column":22},"end":{"line":171,"column":1}},"82":{"start":{"line":168,"column":2},"end":{"line":170,"column":3}},"83":{"start":{"line":169,"column":4},"end":{"line":169,"column":76}},"84":{"start":{"line":173,"column":25},"end":{"line":184,"column":1}},"85":{"start":{"line":174,"column":2},"end":{"line":183,"column":3}},"86":{"start":{"line":175,"column":47},"end":{"line":175,"column":55}},"87":{"start":{"line":176,"column":17},"end":{"line":179,"column":6}},"88":{"start":{"line":180,"column":4},"end":{"line":180,"column":43}},"89":{"start":{"line":181,"column":23},"end":{"line":181,"column":55}},"90":{"start":{"line":182,"column":4},"end":{"line":182,"column":30}},"91":{"start":{"line":186,"column":37},"end":{"line":194,"column":1}}},"fnMap":{"0":{"name":"(anonymous_0)","decl":{"start":{"line":9,"column":29},"end":{"line":9,"column":30}},"loc":{"start":{"line":9,"column":48},"end":{"line":22,"column":1}},"line":9},"1":{"name":"(anonymous_1)","decl":{"start":{"line":24,"column":23},"end":{"line":24,"column":24}},"loc":{"start":{"line":24,"column":35},"end":{"line":28,"column":1}},"line":24},"2":{"name":"(anonymous_2)","decl":{"start":{"line":25,"column":9},"end":{"line":25,"column":10}},"loc":{"start":{"line":25,"column":26},"end":{"line":27,"column":3}},"line":25},"3":{"name":"(anonymous_3)","decl":{"start":{"line":30,"column":16},"end":{"line":30,"column":17}},"loc":{"start":{"line":30,"column":28},"end":{"line":38,"column":1}},"line":30},"4":{"name":"(anonymous_4)","decl":{"start":{"line":31,"column":9},"end":{"line":31,"column":10}},"loc":{"start":{"line":31,"column":15},"end":{"line":37,"column":3}},"line":31},"5":{"name":"(anonymous_5)","decl":{"start":{"line":33,"column":12},"end":{"line":33,"column":13}},"loc":{"start":{"line":33,"column":18},"end":{"line":36,"column":7}},"line":33},"6":{"name":"(anonymous_6)","decl":{"start":{"line":40,"column":20},"end":{"line":40,"column":21}},"loc":{"start":{"line":40,"column":32},"end":{"line":44,"column":1}},"line":40},"7":{"name":"(anonymous_7)","decl":{"start":{"line":41,"column":9},"end":{"line":41,"column":10}},"loc":{"start":{"line":41,"column":23},"end":{"line":43,"column":3}},"line":41},"8":{"name":"(anonymous_8)","decl":{"start":{"line":46,"column":27},"end":{"line":46,"column":28}},"loc":{"start":{"line":46,"column":39},"end":{"line":61,"column":1}},"line":46},"9":{"name":"(anonymous_9)","decl":{"start":{"line":47,"column":9},"end":{"line":47,"column":10}},"loc":{"start":{"line":47,"column":48},"end":{"line":60,"column":3}},"line":47},"10":{"name":"(anonymous_10)","decl":{"start":{"line":63,"column":25},"end":{"line":63,"column":26}},"loc":{"start":{"line":63,"column":37},"end":{"line":78,"column":1}},"line":63},"11":{"name":"(anonymous_11)","decl":{"start":{"line":64,"column":9},"end":{"line":64,"column":10}},"loc":{"start":{"line":64,"column":53},"end":{"line":77,"column":3}},"line":64},"12":{"name":"(anonymous_12)","decl":{"start":{"line":80,"column":24},"end":{"line":80,"column":25}},"loc":{"start":{"line":80,"column":36},"end":{"line":95,"column":1}},"line":80},"13":{"name":"(anonymous_13)","decl":{"start":{"line":81,"column":9},"end":{"line":81,"column":10}},"loc":{"start":{"line":81,"column":52},"end":{"line":94,"column":3}},"line":81},"14":{"name":"(anonymous_14)","decl":{"start":{"line":97,"column":30},"end":{"line":97,"column":31}},"loc":{"start":{"line":97,"column":42},"end":{"line":113,"column":1}},"line":97},"15":{"name":"(anonymous_15)","decl":{"start":{"line":98,"column":9},"end":{"line":98,"column":10}},"loc":{"start":{"line":98,"column":55},"end":{"line":112,"column":3}},"line":98},"16":{"name":"(anonymous_16)","decl":{"start":{"line":115,"column":20},"end":{"line":115,"column":21}},"loc":{"start":{"line":115,"column":32},"end":{"line":119,"column":1}},"line":115},"17":{"name":"(anonymous_17)","decl":{"start":{"line":116,"column":9},"end":{"line":116,"column":10}},"loc":{"start":{"line":116,"column":23},"end":{"line":118,"column":3}},"line":116},"18":{"name":"(anonymous_18)","decl":{"start":{"line":121,"column":20},"end":{"line":121,"column":21}},"loc":{"start":{"line":121,"column":32},"end":{"line":134,"column":1}},"line":121},"19":{"name":"(anonymous_19)","decl":{"start":{"line":122,"column":9},"end":{"line":122,"column":10}},"loc":{"start":{"line":122,"column":48},"end":{"line":133,"column":3}},"line":122},"20":{"name":"(anonymous_20)","decl":{"start":{"line":136,"column":28},"end":{"line":136,"column":29}},"loc":{"start":{"line":136,"column":40},"end":{"line":149,"column":1}},"line":136},"21":{"name":"(anonymous_21)","decl":{"start":{"line":137,"column":9},"end":{"line":137,"column":10}},"loc":{"start":{"line":137,"column":56},"end":{"line":148,"column":3}},"line":137},"22":{"name":"(anonymous_22)","decl":{"start":{"line":151,"column":30},"end":{"line":151,"column":31}},"loc":{"start":{"line":151,"column":42},"end":{"line":165,"column":1}},"line":151},"23":{"name":"(anonymous_23)","decl":{"start":{"line":152,"column":9},"end":{"line":152,"column":10}},"loc":{"start":{"line":152,"column":55},"end":{"line":164,"column":3}},"line":152},"24":{"name":"(anonymous_24)","decl":{"start":{"line":167,"column":22},"end":{"line":167,"column":23}},"loc":{"start":{"line":167,"column":34},"end":{"line":171,"column":1}},"line":167},"25":{"name":"(anonymous_25)","decl":{"start":{"line":168,"column":9},"end":{"line":168,"column":10}},"loc":{"start":{"line":168,"column":25},"end":{"line":170,"column":3}},"line":168},"26":{"name":"(anonymous_26)","decl":{"start":{"line":173,"column":25},"end":{"line":173,"column":26}},"loc":{"start":{"line":173,"column":37},"end":{"line":184,"column":1}},"line":173},"27":{"name":"(anonymous_27)","decl":{"start":{"line":174,"column":9},"end":{"line":174,"column":10}},"loc":{"start":{"line":174,"column":49},"end":{"line":183,"column":3}},"line":174}},"branchMap":{"0":{"loc":{"start":{"line":10,"column":2},"end":{"line":21,"column":3}},"type":"switch","locations":[{"start":{"line":11,"column":4},"end":{"line":12,"column":55}},{"start":{"line":13,"column":4},"end":{"line":14,"column":43}},{"start":{"line":15,"column":4},"end":{"line":16,"column":52}},{"start":{"line":17,"column":4},"end":{"line":18,"column":51}},{"start":{"line":19,"column":4},"end":{"line":20,"column":53}}],"line":10},"1":{"loc":{"start":{"line":26,"column":4},"end":{"line":26,"column":79}},"type":"binary-expr","locations":[{"start":{"line":26,"column":4},"end":{"line":26,"column":15}},{"start":{"line":26,"column":19},"end":{"line":26,"column":79}}],"line":26},"2":{"loc":{"start":{"line":42,"column":4},"end":{"line":42,"column":70}},"type":"binary-expr","locations":[{"start":{"line":42,"column":4},"end":{"line":42,"column":12}},{"start":{"line":42,"column":16},"end":{"line":42,"column":70}}],"line":42},"3":{"loc":{"start":{"line":59,"column":4},"end":{"line":59,"column":76}},"type":"binary-expr","locations":[{"start":{"line":59,"column":4},"end":{"line":59,"column":15}},{"start":{"line":59,"column":19},"end":{"line":59,"column":76}}],"line":59},"4":{"loc":{"start":{"line":76,"column":4},"end":{"line":76,"column":76}},"type":"binary-expr","locations":[{"start":{"line":76,"column":4},"end":{"line":76,"column":15}},{"start":{"line":76,"column":19},"end":{"line":76,"column":76}}],"line":76},"5":{"loc":{"start":{"line":93,"column":4},"end":{"line":93,"column":76}},"type":"binary-expr","locations":[{"start":{"line":93,"column":4},"end":{"line":93,"column":15}},{"start":{"line":93,"column":19},"end":{"line":93,"column":76}}],"line":93},"6":{"loc":{"start":{"line":111,"column":4},"end":{"line":111,"column":76}},"type":"binary-expr","locations":[{"start":{"line":111,"column":4},"end":{"line":111,"column":15}},{"start":{"line":111,"column":19},"end":{"line":111,"column":76}}],"line":111},"7":{"loc":{"start":{"line":117,"column":4},"end":{"line":117,"column":70}},"type":"binary-expr","locations":[{"start":{"line":117,"column":4},"end":{"line":117,"column":12}},{"start":{"line":117,"column":16},"end":{"line":117,"column":70}}],"line":117},"8":{"loc":{"start":{"line":132,"column":4},"end":{"line":132,"column":73}},"type":"binary-expr","locations":[{"start":{"line":132,"column":4},"end":{"line":132,"column":12}},{"start":{"line":132,"column":16},"end":{"line":132,"column":73}}],"line":132},"9":{"loc":{"start":{"line":147,"column":4},"end":{"line":147,"column":73}},"type":"binary-expr","locations":[{"start":{"line":147,"column":4},"end":{"line":147,"column":12}},{"start":{"line":147,"column":16},"end":{"line":147,"column":73}}],"line":147},"10":{"loc":{"start":{"line":163,"column":4},"end":{"line":163,"column":73}},"type":"binary-expr","locations":[{"start":{"line":163,"column":4},"end":{"line":163,"column":12}},{"start":{"line":163,"column":16},"end":{"line":163,"column":73}}],"line":163},"11":{"loc":{"start":{"line":169,"column":4},"end":{"line":169,"column":75}},"type":"binary-expr","locations":[{"start":{"line":169,"column":4},"end":{"line":169,"column":14}},{"start":{"line":169,"column":18},"end":{"line":169,"column":75}}],"line":169}},"s":{"0":1,"1":0,"2":0,"3":0,"4":0,"5":0,"6":0,"7":1,"8":1,"9":0,"10":1,"11":1,"12":0,"13":0,"14":0,"15":1,"16":1,"17":0,"18":1,"19":1,"20":0,"21":0,"22":0,"23":0,"24":0,"25":0,"26":0,"27":1,"28":1,"29":0,"30":0,"31":0,"32":0,"33":0,"34":0,"35":0,"36":1,"37":1,"38":0,"39":0,"40":0,"41":0,"42":0,"43":0,"44":0,"45":1,"46":1,"47":0,"48":0,"49":0,"50":0,"51":0,"52":0,"53":0,"54":1,"55":1,"56":0,"57":1,"58":1,"59":0,"60":0,"61":0,"62":0,"63":0,"64":0,"65":1,"66":1,"67":0,"68":0,"69":0,"70":0,"71":0,"72":0,"73":1,"74":1,"75":0,"76":0,"77":0,"78":0,"79":0,"80":0,"81":1,"82":1,"83":0,"84":1,"85":1,"86":0,"87":0,"88":0,"89":0,"90":0,"91":1},"f":{"0":0,"1":1,"2":0,"3":1,"4":0,"5":0,"6":1,"7":0,"8":1,"9":0,"10":1,"11":0,"12":1,"13":0,"14":1,"15":0,"16":1,"17":0,"18":1,"19":0,"20":1,"21":0,"22":1,"23":0,"24":1,"25":0,"26":1,"27":0},"b":{"0":[0,0,0,0,0],"1":[0,0],"2":[0,0],"3":[0,0],"4":[0,0],"5":[0,0],"6":[0,0],"7":[0,0],"8":[0,0],"9":[0,0],"10":[0,0],"11":[0,0]},"_coverageSchema":"1a1c01bbd47fc00a2c39e90264f33305004495a9","hash":"9bbdac0521df4ee09d9c5eb701143af78240536e"}
,"/Users/sihan.sun/Documents/GitHub/StandupMaster/src/context/createDataContext.js": {"path":"/Users/sihan.sun/Documents/GitHub/StandupMaster/src/context/createDataContext.js","statementMap":{"0":{"start":{"line":4,"column":18},"end":{"line":4,"column":39}},"1":{"start":{"line":6,"column":19},"end":{"line":20,"column":3}},"2":{"start":{"line":7,"column":30},"end":{"line":7,"column":63}},"3":{"start":{"line":10,"column":25},"end":{"line":10,"column":27}},"4":{"start":{"line":11,"column":4},"end":{"line":13,"column":5}},"5":{"start":{"line":12,"column":6},"end":{"line":12,"column":49}},"6":{"start":{"line":15,"column":4},"end":{"line":19,"column":6}},"7":{"start":{"line":22,"column":2},"end":{"line":22,"column":31}}},"fnMap":{"0":{"name":"(anonymous_0)","decl":{"start":{"line":3,"column":15},"end":{"line":3,"column":16}},"loc":{"start":{"line":3,"column":51},"end":{"line":23,"column":1}},"line":3},"1":{"name":"(anonymous_1)","decl":{"start":{"line":6,"column":19},"end":{"line":6,"column":20}},"loc":{"start":{"line":6,"column":37},"end":{"line":20,"column":3}},"line":6}},"branchMap":{},"s":{"0":1,"1":1,"2":1,"3":1,"4":1,"5":13,"6":1,"7":1},"f":{"0":1,"1":1},"b":{},"_coverageSchema":"1a1c01bbd47fc00a2c39e90264f33305004495a9","hash":"1f78c945f1ac49ad54a6f2db0b3e0f4140cfe0b4"}
,"/Users/sihan.sun/Documents/GitHub/StandupMaster/src/screens/HomeScreen.js": {"path":"/Users/sihan.sun/Documents/GitHub/StandupMaster/src/screens/HomeScreen.js","statementMap":{"0":{"start":{"line":12,"column":32},"end":{"line":12,"column":67}},"1":{"start":{"line":14,"column":18},"end":{"line":14,"column":19}},"2":{"start":{"line":15,"column":21},"end":{"line":15,"column":22}},"3":{"start":{"line":16,"column":18},"end":{"line":16,"column":54}},"4":{"start":{"line":20,"column":23},"end":{"line":20,"column":36}},"5":{"start":{"line":23,"column":4},"end":{"line":23,"column":17}},"6":{"start":{"line":25,"column":4},"end":{"line":32,"column":6}},"7":{"start":{"line":36,"column":4},"end":{"line":36,"column":25}},"8":{"start":{"line":37,"column":4},"end":{"line":37,"column":28}},"9":{"start":{"line":40,"column":18},"end":{"line":66,"column":3}},"10":{"start":{"line":41,"column":4},"end":{"line":41,"column":40}},"11":{"start":{"line":42,"column":62},"end":{"line":42,"column":74}},"12":{"start":{"line":43,"column":21},"end":{"line":43,"column":67}},"13":{"start":{"line":44,"column":19},"end":{"line":44,"column":34}},"14":{"start":{"line":46,"column":21},"end":{"line":46,"column":52}},"15":{"start":{"line":47,"column":4},"end":{"line":47,"column":26}},"16":{"start":{"line":49,"column":20},"end":{"line":49,"column":36}},"17":{"start":{"line":51,"column":26},"end":{"line":51,"column":28}},"18":{"start":{"line":52,"column":4},"end":{"line":64,"column":5}},"19":{"start":{"line":52,"column":17},"end":{"line":52,"column":18}},"20":{"start":{"line":53,"column":77},"end":{"line":53,"column":87}},"21":{"start":{"line":54,"column":42},"end":{"line":54,"column":74}},"22":{"start":{"line":55,"column":6},"end":{"line":63,"column":9}},"23":{"start":{"line":65,"column":4},"end":{"line":65,"column":56}},"24":{"start":{"line":68,"column":24},"end":{"line":88,"column":3}},"25":{"start":{"line":69,"column":30},"end":{"line":69,"column":40}},"26":{"start":{"line":70,"column":4},"end":{"line":86,"column":5}},"27":{"start":{"line":70,"column":17},"end":{"line":70,"column":18}},"28":{"start":{"line":71,"column":17},"end":{"line":71,"column":33}},"29":{"start":{"line":72,"column":6},"end":{"line":85,"column":7}},"30":{"start":{"line":73,"column":76},"end":{"line":73,"column":78}},"31":{"start":{"line":74,"column":47},"end":{"line":74,"column":59}},"32":{"start":{"line":76,"column":8},"end":{"line":84,"column":9}},"33":{"start":{"line":90,"column":21},"end":{"line":228,"column":3}},"34":{"start":{"line":91,"column":24},"end":{"line":225,"column":5}},"35":{"start":{"line":227,"column":4},"end":{"line":227,"column":35}},"36":{"start":{"line":230,"column":17},"end":{"line":298,"column":3}},"37":{"start":{"line":231,"column":27},"end":{"line":231,"column":37}},"38":{"start":{"line":232,"column":30},"end":{"line":232,"column":40}},"39":{"start":{"line":233,"column":46},"end":{"line":233,"column":58}},"40":{"start":{"line":234,"column":21},"end":{"line":234,"column":41}},"41":{"start":{"line":235,"column":21},"end":{"line":235,"column":22}},"42":{"start":{"line":236,"column":4},"end":{"line":241,"column":5}},"43":{"start":{"line":236,"column":17},"end":{"line":236,"column":18}},"44":{"start":{"line":237,"column":28},"end":{"line":237,"column":44}},"45":{"start":{"line":238,"column":6},"end":{"line":240,"column":7}},"46":{"start":{"line":239,"column":8},"end":{"line":239,"column":24}},"47":{"start":{"line":242,"column":18},"end":{"line":242,"column":39}},"48":{"start":{"line":244,"column":24},"end":{"line":244,"column":96}},"49":{"start":{"line":245,"column":21},"end":{"line":245,"column":50}},"50":{"start":{"line":246,"column":29},"end":{"line":246,"column":66}},"51":{"start":{"line":248,"column":20},"end":{"line":248,"column":78}},"52":{"start":{"line":250,"column":4},"end":{"line":297,"column":5}},"53":{"start":{"line":253,"column":25},"end":{"line":253,"column":70}},"54":{"start":{"line":286,"column":29},"end":{"line":286,"column":59}},"55":{"start":{"line":300,"column":18},"end":{"line":309,"column":3}},"56":{"start":{"line":301,"column":17},"end":{"line":301,"column":43}},"57":{"start":{"line":302,"column":18},"end":{"line":302,"column":33}},"58":{"start":{"line":303,"column":20},"end":{"line":303,"column":43}},"59":{"start":{"line":304,"column":20},"end":{"line":304,"column":43}},"60":{"start":{"line":306,"column":16},"end":{"line":306,"column":86}},"61":{"start":{"line":307,"column":17},"end":{"line":307,"column":76}},"62":{"start":{"line":308,"column":4},"end":{"line":308,"column":25}},"63":{"start":{"line":311,"column":21},"end":{"line":338,"column":3}},"64":{"start":{"line":313,"column":65},"end":{"line":313,"column":69}},"65":{"start":{"line":317,"column":19},"end":{"line":317,"column":105}},"66":{"start":{"line":319,"column":36},"end":{"line":319,"column":48}},"67":{"start":{"line":320,"column":15},"end":{"line":320,"column":26}},"68":{"start":{"line":321,"column":4},"end":{"line":323,"column":5}},"69":{"start":{"line":322,"column":8},"end":{"line":322,"column":26}},"70":{"start":{"line":325,"column":4},"end":{"line":337,"column":5}},"71":{"start":{"line":328,"column":26},"end":{"line":328,"column":57}},"72":{"start":{"line":329,"column":10},"end":{"line":329,"column":75}},"73":{"start":{"line":340,"column":22},"end":{"line":359,"column":3}},"74":{"start":{"line":341,"column":37},"end":{"line":341,"column":41}},"75":{"start":{"line":342,"column":26},"end":{"line":342,"column":55}},"76":{"start":{"line":344,"column":25},"end":{"line":344,"column":61}},"77":{"start":{"line":345,"column":21},"end":{"line":345,"column":53}},"78":{"start":{"line":347,"column":4},"end":{"line":358,"column":5}},"79":{"start":{"line":350,"column":10},"end":{"line":350,"column":77}},"80":{"start":{"line":361,"column":22},"end":{"line":376,"column":3}},"81":{"start":{"line":362,"column":58},"end":{"line":362,"column":68}},"82":{"start":{"line":364,"column":17},"end":{"line":364,"column":75}},"83":{"start":{"line":365,"column":23},"end":{"line":365,"column":100}},"84":{"start":{"line":366,"column":4},"end":{"line":375,"column":5}},"85":{"start":{"line":372,"column":32},"end":{"line":372,"column":101}},"86":{"start":{"line":378,"column":17},"end":{"line":404,"column":3}},"87":{"start":{"line":379,"column":30},"end":{"line":379,"column":40}},"88":{"start":{"line":380,"column":4},"end":{"line":403,"column":5}},"89":{"start":{"line":388,"column":25},"end":{"line":388,"column":67}},"90":{"start":{"line":398,"column":25},"end":{"line":398,"column":69}},"91":{"start":{"line":407,"column":62},"end":{"line":407,"column":72}},"92":{"start":{"line":408,"column":4},"end":{"line":438,"column":5}},"93":{"start":{"line":426,"column":14},"end":{"line":426,"column":53}},"94":{"start":{"line":432,"column":16},"end":{"line":432,"column":78}}},"fnMap":{"0":{"name":"(anonymous_0)","decl":{"start":{"line":22,"column":2},"end":{"line":22,"column":3}},"loc":{"start":{"line":22,"column":21},"end":{"line":33,"column":3}},"line":22},"1":{"name":"(anonymous_1)","decl":{"start":{"line":35,"column":2},"end":{"line":35,"column":3}},"loc":{"start":{"line":35,"column":22},"end":{"line":38,"column":3}},"line":35},"2":{"name":"(anonymous_2)","decl":{"start":{"line":40,"column":18},"end":{"line":40,"column":19}},"loc":{"start":{"line":40,"column":30},"end":{"line":66,"column":3}},"line":40},"3":{"name":"(anonymous_3)","decl":{"start":{"line":68,"column":24},"end":{"line":68,"column":25}},"loc":{"start":{"line":68,"column":35},"end":{"line":88,"column":3}},"line":68},"4":{"name":"(anonymous_4)","decl":{"start":{"line":90,"column":21},"end":{"line":90,"column":22}},"loc":{"start":{"line":90,"column":27},"end":{"line":228,"column":3}},"line":90},"5":{"name":"(anonymous_5)","decl":{"start":{"line":230,"column":17},"end":{"line":230,"column":18}},"loc":{"start":{"line":230,"column":23},"end":{"line":298,"column":3}},"line":230},"6":{"name":"(anonymous_6)","decl":{"start":{"line":253,"column":19},"end":{"line":253,"column":20}},"loc":{"start":{"line":253,"column":25},"end":{"line":253,"column":70}},"line":253},"7":{"name":"(anonymous_7)","decl":{"start":{"line":286,"column":23},"end":{"line":286,"column":24}},"loc":{"start":{"line":286,"column":29},"end":{"line":286,"column":59}},"line":286},"8":{"name":"(anonymous_8)","decl":{"start":{"line":300,"column":18},"end":{"line":300,"column":19}},"loc":{"start":{"line":300,"column":33},"end":{"line":309,"column":3}},"line":300},"9":{"name":"(anonymous_9)","decl":{"start":{"line":311,"column":21},"end":{"line":311,"column":22}},"loc":{"start":{"line":311,"column":35},"end":{"line":338,"column":3}},"line":311},"10":{"name":"(anonymous_10)","decl":{"start":{"line":327,"column":17},"end":{"line":327,"column":18}},"loc":{"start":{"line":327,"column":29},"end":{"line":330,"column":9}},"line":327},"11":{"name":"(anonymous_11)","decl":{"start":{"line":340,"column":22},"end":{"line":340,"column":23}},"loc":{"start":{"line":340,"column":36},"end":{"line":359,"column":3}},"line":340},"12":{"name":"(anonymous_12)","decl":{"start":{"line":349,"column":17},"end":{"line":349,"column":18}},"loc":{"start":{"line":349,"column":23},"end":{"line":351,"column":9}},"line":349},"13":{"name":"(anonymous_13)","decl":{"start":{"line":361,"column":22},"end":{"line":361,"column":23}},"loc":{"start":{"line":361,"column":28},"end":{"line":376,"column":3}},"line":361},"14":{"name":"(anonymous_14)","decl":{"start":{"line":372,"column":24},"end":{"line":372,"column":25}},"loc":{"start":{"line":372,"column":32},"end":{"line":372,"column":101}},"line":372},"15":{"name":"(anonymous_15)","decl":{"start":{"line":378,"column":17},"end":{"line":378,"column":18}},"loc":{"start":{"line":378,"column":23},"end":{"line":404,"column":3}},"line":378},"16":{"name":"(anonymous_16)","decl":{"start":{"line":388,"column":19},"end":{"line":388,"column":20}},"loc":{"start":{"line":388,"column":25},"end":{"line":388,"column":67}},"line":388},"17":{"name":"(anonymous_17)","decl":{"start":{"line":398,"column":19},"end":{"line":398,"column":20}},"loc":{"start":{"line":398,"column":25},"end":{"line":398,"column":69}},"line":398},"18":{"name":"(anonymous_18)","decl":{"start":{"line":406,"column":2},"end":{"line":406,"column":3}},"loc":{"start":{"line":406,"column":11},"end":{"line":439,"column":3}},"line":406},"19":{"name":"(anonymous_19)","decl":{"start":{"line":425,"column":28},"end":{"line":425,"column":29}},"loc":{"start":{"line":425,"column":34},"end":{"line":427,"column":13}},"line":425},"20":{"name":"(anonymous_20)","decl":{"start":{"line":431,"column":30},"end":{"line":431,"column":31}},"loc":{"start":{"line":431,"column":36},"end":{"line":433,"column":15}},"line":431}},"branchMap":{"0":{"loc":{"start":{"line":72,"column":6},"end":{"line":85,"column":7}},"type":"if","locations":[{"start":{"line":72,"column":6},"end":{"line":85,"column":7}},{"start":{"line":72,"column":6},"end":{"line":85,"column":7}}],"line":72},"1":{"loc":{"start":{"line":238,"column":6},"end":{"line":240,"column":7}},"type":"if","locations":[{"start":{"line":238,"column":6},"end":{"line":240,"column":7}},{"start":{"line":238,"column":6},"end":{"line":240,"column":7}}],"line":238},"2":{"loc":{"start":{"line":244,"column":24},"end":{"line":244,"column":96}},"type":"cond-expr","locations":[{"start":{"line":244,"column":35},"end":{"line":244,"column":70}},{"start":{"line":244,"column":73},"end":{"line":244,"column":96}}],"line":244},"3":{"loc":{"start":{"line":245,"column":21},"end":{"line":245,"column":50}},"type":"cond-expr","locations":[{"start":{"line":245,"column":32},"end":{"line":245,"column":45}},{"start":{"line":245,"column":48},"end":{"line":245,"column":50}}],"line":245},"4":{"loc":{"start":{"line":246,"column":29},"end":{"line":246,"column":66}},"type":"cond-expr","locations":[{"start":{"line":246,"column":40},"end":{"line":246,"column":61}},{"start":{"line":246,"column":64},"end":{"line":246,"column":66}}],"line":246},"5":{"loc":{"start":{"line":248,"column":20},"end":{"line":248,"column":78}},"type":"cond-expr","locations":[{"start":{"line":248,"column":31},"end":{"line":248,"column":70}},{"start":{"line":248,"column":73},"end":{"line":248,"column":78}}],"line":248},"6":{"loc":{"start":{"line":253,"column":25},"end":{"line":253,"column":70}},"type":"binary-expr","locations":[{"start":{"line":253,"column":25},"end":{"line":253,"column":32}},{"start":{"line":253,"column":36},"end":{"line":253,"column":70}}],"line":253},"7":{"loc":{"start":{"line":317,"column":19},"end":{"line":317,"column":105}},"type":"cond-expr","locations":[{"start":{"line":317,"column":31},"end":{"line":317,"column":65}},{"start":{"line":317,"column":68},"end":{"line":317,"column":105}}],"line":317},"8":{"loc":{"start":{"line":321,"column":4},"end":{"line":323,"column":5}},"type":"if","locations":[{"start":{"line":321,"column":4},"end":{"line":323,"column":5}},{"start":{"line":321,"column":4},"end":{"line":323,"column":5}}],"line":321},"9":{"loc":{"start":{"line":364,"column":17},"end":{"line":364,"column":75}},"type":"cond-expr","locations":[{"start":{"line":364,"column":48},"end":{"line":364,"column":61}},{"start":{"line":364,"column":64},"end":{"line":364,"column":75}}],"line":364},"10":{"loc":{"start":{"line":365,"column":23},"end":{"line":365,"column":100}},"type":"cond-expr","locations":[{"start":{"line":365,"column":54},"end":{"line":365,"column":75}},{"start":{"line":365,"column":78},"end":{"line":365,"column":100}}],"line":365},"11":{"loc":{"start":{"line":372,"column":32},"end":{"line":372,"column":101}},"type":"cond-expr","locations":[{"start":{"line":372,"column":63},"end":{"line":372,"column":73}},{"start":{"line":372,"column":76},"end":{"line":372,"column":101}}],"line":372},"12":{"loc":{"start":{"line":385,"column":31},"end":{"line":385,"column":82}},"type":"cond-expr","locations":[{"start":{"line":385,"column":62},"end":{"line":385,"column":71}},{"start":{"line":385,"column":73},"end":{"line":385,"column":82}}],"line":385},"13":{"loc":{"start":{"line":395,"column":31},"end":{"line":395,"column":84}},"type":"cond-expr","locations":[{"start":{"line":395,"column":64},"end":{"line":395,"column":73}},{"start":{"line":395,"column":75},"end":{"line":395,"column":84}}],"line":395}},"s":{"0":1,"1":1,"2":1,"3":1,"4":1,"5":1,"6":1,"7":0,"8":0,"9":1,"10":0,"11":0,"12":0,"13":0,"14":0,"15":0,"16":0,"17":0,"18":0,"19":0,"20":0,"21":0,"22":0,"23":0,"24":1,"25":0,"26":0,"27":0,"28":0,"29":0,"30":0,"31":0,"32":0,"33":1,"34":0,"35":0,"36":1,"37":1,"38":1,"39":1,"40":1,"41":1,"42":1,"43":1,"44":0,"45":0,"46":0,"47":1,"48":1,"49":1,"50":1,"51":1,"52":1,"53":0,"54":0,"55":1,"56":0,"57":0,"58":0,"59":0,"60":0,"61":0,"62":0,"63":1,"64":0,"65":0,"66":0,"67":0,"68":0,"69":0,"70":0,"71":0,"72":0,"73":1,"74":0,"75":0,"76":0,"77":0,"78":0,"79":0,"80":1,"81":1,"82":1,"83":1,"84":1,"85":0,"86":1,"87":1,"88":1,"89":0,"90":0,"91":1,"92":1,"93":0,"94":0},"f":{"0":1,"1":0,"2":0,"3":0,"4":0,"5":1,"6":0,"7":0,"8":0,"9":0,"10":0,"11":0,"12":0,"13":1,"14":0,"15":1,"16":0,"17":0,"18":1,"19":0,"20":0},"b":{"0":[0,0],"1":[0,0],"2":[0,1],"3":[0,1],"4":[0,1],"5":[0,1],"6":[0,0],"7":[0,0],"8":[0,0],"9":[1,0],"10":[1,0],"11":[0,0],"12":[1,0],"13":[0,1]},"_coverageSchema":"1a1c01bbd47fc00a2c39e90264f33305004495a9","hash":"ce6fa5106203d53123c97a578abad685edd4eea5"}
,"/Users/sihan.sun/Documents/GitHub/StandupMaster/src/screens/ProfileScreen.js": {"path":"/Users/sihan.sun/Documents/GitHub/StandupMaster/src/screens/ProfileScreen.js","statementMap":{"0":{"start":{"line":12,"column":14},"end":{"line":12,"column":21}},"1":{"start":{"line":13,"column":21},"end":{"line":13,"column":35}},"2":{"start":{"line":14,"column":19},"end":{"line":14,"column":31}},"3":{"start":{"line":15,"column":18},"end":{"line":15,"column":29}},"4":{"start":{"line":18,"column":23},"end":{"line":18,"column":36}},"5":{"start":{"line":19,"column":24},"end":{"line":19,"column":37}},"6":{"start":{"line":22,"column":4},"end":{"line":22,"column":17}},"7":{"start":{"line":24,"column":4},"end":{"line":26,"column":5}},"8":{"start":{"line":32,"column":27},"end":{"line":39,"column":3}},"9":{"start":{"line":33,"column":4},"end":{"line":38,"column":5}},"10":{"start":{"line":34,"column":25},"end":{"line":34,"column":80}},"11":{"start":{"line":35,"column":6},"end":{"line":37,"column":7}},"12":{"start":{"line":36,"column":8},"end":{"line":36,"column":75}},"13":{"start":{"line":41,"column":18},"end":{"line":58,"column":3}},"14":{"start":{"line":42,"column":4},"end":{"line":42,"column":40}},"15":{"start":{"line":44,"column":19},"end":{"line":49,"column":6}},"16":{"start":{"line":51,"column":4},"end":{"line":57,"column":5}},"17":{"start":{"line":52,"column":72},"end":{"line":52,"column":84}},"18":{"start":{"line":53,"column":23},"end":{"line":53,"column":69}},"19":{"start":{"line":55,"column":23},"end":{"line":55,"column":95}},"20":{"start":{"line":56,"column":6},"end":{"line":56,"column":81}},"21":{"start":{"line":60,"column":17},"end":{"line":76,"column":3}},"22":{"start":{"line":61,"column":34},"end":{"line":61,"column":46}},"23":{"start":{"line":62,"column":23},"end":{"line":62,"column":56}},"24":{"start":{"line":63,"column":4},"end":{"line":75,"column":5}},"25":{"start":{"line":78,"column":19},"end":{"line":92,"column":3}},"26":{"start":{"line":79,"column":38},"end":{"line":79,"column":42}},"27":{"start":{"line":80,"column":27},"end":{"line":80,"column":37}},"28":{"start":{"line":82,"column":20},"end":{"line":84,"column":106}},"29":{"start":{"line":84,"column":15},"end":{"line":84,"column":105}},"30":{"start":{"line":84,"column":88},"end":{"line":84,"column":103}},"31":{"start":{"line":85,"column":4},"end":{"line":91,"column":5}},"32":{"start":{"line":94,"column":26},"end":{"line":98,"column":3}},"33":{"start":{"line":95,"column":69},"end":{"line":95,"column":81}},"34":{"start":{"line":96,"column":21},"end":{"line":96,"column":67}},"35":{"start":{"line":97,"column":4},"end":{"line":97,"column":50}},"36":{"start":{"line":100,"column":24},"end":{"line":104,"column":3}},"37":{"start":{"line":101,"column":67},"end":{"line":101,"column":79}},"38":{"start":{"line":102,"column":21},"end":{"line":102,"column":67}},"39":{"start":{"line":103,"column":4},"end":{"line":103,"column":48}},"40":{"start":{"line":106,"column":23},"end":{"line":110,"column":3}},"41":{"start":{"line":107,"column":66},"end":{"line":107,"column":78}},"42":{"start":{"line":108,"column":21},"end":{"line":108,"column":67}},"43":{"start":{"line":109,"column":4},"end":{"line":109,"column":47}},"44":{"start":{"line":112,"column":13},"end":{"line":118,"column":3}},"45":{"start":{"line":113,"column":66},"end":{"line":113,"column":78}},"46":{"start":{"line":114,"column":21},"end":{"line":114,"column":67}},"47":{"start":{"line":115,"column":30},"end":{"line":115,"column":38}},"48":{"start":{"line":116,"column":4},"end":{"line":116,"column":52}},"49":{"start":{"line":117,"column":4},"end":{"line":117,"column":47}},"50":{"start":{"line":121,"column":45},"end":{"line":121,"column":57}},"51":{"start":{"line":124,"column":8},"end":{"line":124,"column":16}},"52":{"start":{"line":125,"column":23},"end":{"line":141,"column":6}},"53":{"start":{"line":143,"column":4},"end":{"line":170,"column":5}},"54":{"start":{"line":153,"column":36},"end":{"line":153,"column":45}},"55":{"start":{"line":164,"column":102},"end":{"line":164,"column":111}}},"fnMap":{"0":{"name":"(anonymous_0)","decl":{"start":{"line":21,"column":2},"end":{"line":21,"column":3}},"loc":{"start":{"line":21,"column":21},"end":{"line":27,"column":3}},"line":21},"1":{"name":"(anonymous_1)","decl":{"start":{"line":29,"column":2},"end":{"line":29,"column":3}},"loc":{"start":{"line":29,"column":22},"end":{"line":30,"column":3}},"line":29},"2":{"name":"(anonymous_2)","decl":{"start":{"line":32,"column":27},"end":{"line":32,"column":28}},"loc":{"start":{"line":32,"column":39},"end":{"line":39,"column":3}},"line":32},"3":{"name":"(anonymous_3)","decl":{"start":{"line":41,"column":18},"end":{"line":41,"column":19}},"loc":{"start":{"line":41,"column":30},"end":{"line":58,"column":3}},"line":41},"4":{"name":"(anonymous_4)","decl":{"start":{"line":60,"column":17},"end":{"line":60,"column":18}},"loc":{"start":{"line":60,"column":23},"end":{"line":76,"column":3}},"line":60},"5":{"name":"(anonymous_5)","decl":{"start":{"line":78,"column":19},"end":{"line":78,"column":20}},"loc":{"start":{"line":78,"column":33},"end":{"line":92,"column":3}},"line":78},"6":{"name":"(anonymous_6)","decl":{"start":{"line":84,"column":8},"end":{"line":84,"column":9}},"loc":{"start":{"line":84,"column":14},"end":{"line":84,"column":106}},"line":84},"7":{"name":"(anonymous_7)","decl":{"start":{"line":84,"column":77},"end":{"line":84,"column":78}},"loc":{"start":{"line":84,"column":88},"end":{"line":84,"column":103}},"line":84},"8":{"name":"(anonymous_8)","decl":{"start":{"line":94,"column":26},"end":{"line":94,"column":27}},"loc":{"start":{"line":94,"column":37},"end":{"line":98,"column":3}},"line":94},"9":{"name":"(anonymous_9)","decl":{"start":{"line":100,"column":24},"end":{"line":100,"column":25}},"loc":{"start":{"line":100,"column":35},"end":{"line":104,"column":3}},"line":100},"10":{"name":"(anonymous_10)","decl":{"start":{"line":106,"column":23},"end":{"line":106,"column":24}},"loc":{"start":{"line":106,"column":34},"end":{"line":110,"column":3}},"line":106},"11":{"name":"(anonymous_11)","decl":{"start":{"line":112,"column":13},"end":{"line":112,"column":14}},"loc":{"start":{"line":112,"column":25},"end":{"line":118,"column":3}},"line":112},"12":{"name":"(anonymous_12)","decl":{"start":{"line":120,"column":2},"end":{"line":120,"column":3}},"loc":{"start":{"line":120,"column":11},"end":{"line":171,"column":3}},"line":120},"13":{"name":"(anonymous_13)","decl":{"start":{"line":153,"column":26},"end":{"line":153,"column":27}},"loc":{"start":{"line":153,"column":36},"end":{"line":153,"column":45}},"line":153},"14":{"name":"(anonymous_14)","decl":{"start":{"line":164,"column":96},"end":{"line":164,"column":97}},"loc":{"start":{"line":164,"column":102},"end":{"line":164,"column":111}},"line":164}},"branchMap":{"0":{"loc":{"start":{"line":33,"column":4},"end":{"line":38,"column":5}},"type":"if","locations":[{"start":{"line":33,"column":4},"end":{"line":38,"column":5}},{"start":{"line":33,"column":4},"end":{"line":38,"column":5}}],"line":33},"1":{"loc":{"start":{"line":35,"column":6},"end":{"line":37,"column":7}},"type":"if","locations":[{"start":{"line":35,"column":6},"end":{"line":37,"column":7}},{"start":{"line":35,"column":6},"end":{"line":37,"column":7}}],"line":35},"2":{"loc":{"start":{"line":51,"column":4},"end":{"line":57,"column":5}},"type":"if","locations":[{"start":{"line":51,"column":4},"end":{"line":57,"column":5}},{"start":{"line":51,"column":4},"end":{"line":57,"column":5}}],"line":51},"3":{"loc":{"start":{"line":82,"column":20},"end":{"line":84,"column":106}},"type":"cond-expr","locations":[{"start":{"line":83,"column":8},"end":{"line":83,"column":12}},{"start":{"line":84,"column":8},"end":{"line":84,"column":106}}],"line":82}},"s":{"0":1,"1":1,"2":1,"3":1,"4":1,"5":1,"6":1,"7":1,"8":1,"9":0,"10":0,"11":0,"12":0,"13":1,"14":0,"15":0,"16":0,"17":0,"18":0,"19":0,"20":0,"21":1,"22":0,"23":0,"24":0,"25":1,"26":0,"27":0,"28":0,"29":0,"30":0,"31":0,"32":1,"33":0,"34":0,"35":0,"36":1,"37":0,"38":0,"39":0,"40":1,"41":0,"42":0,"43":0,"44":1,"45":0,"46":0,"47":0,"48":0,"49":0,"50":1,"51":0,"52":0,"53":0,"54":0,"55":0},"f":{"0":1,"1":0,"2":0,"3":0,"4":0,"5":0,"6":0,"7":0,"8":0,"9":0,"10":0,"11":0,"12":1,"13":0,"14":0},"b":{"0":[0,0],"1":[0,0],"2":[0,0],"3":[0,0]},"_coverageSchema":"1a1c01bbd47fc00a2c39e90264f33305004495a9","hash":"373d351f126301c77b899b3e79b23bd33b320f07"}
}
