TN:
SF:assets/checkmark.png
FNF:0
FNH:0
DA:1,3
LF:1
LH:1
BRF:0
BRH:0
end_of_record
TN:
SF:assets/delete.png
FNF:0
FNH:0
DA:1,3
LF:1
LH:1
BRF:0
BRH:0
end_of_record
TN:
SF:assets/meeting.jpg
FNF:0
FNH:0
DA:1,1
LF:1
LH:1
BRF:0
BRH:0
end_of_record
TN:
SF:assets/person.png
FNF:0
FNH:0
DA:1,3
LF:1
LH:1
BRF:0
BRH:0
end_of_record
TN:
SF:assets/up-arrow.png
FNF:0
FNH:0
DA:1,1
LF:1
LH:1
BRF:0
BRH:0
end_of_record
TN:
SF:src/navigationRef.js
FN:5,(anonymous_0)
FN:9,(anonymous_1)
FNF:2
FNH:0
FNDA:0,(anonymous_0)
FNDA:0,(anonymous_1)
DA:3,1
DA:5,1
DA:6,0
DA:9,1
DA:10,0
LF:5
LH:3
BRDA:10,0,0,0
BRDA:10,0,1,0
BRF:2
BRH:0
end_of_record
TN:
SF:src/styles.js
FNF:0
FNH:0
LF:0
LH:0
BRF:0
BRH:0
end_of_record
TN:
SF:src/api/teams.js
FN:3,(anonymous_0)
FN:17,(anonymous_1)
FN:28,(anonymous_2)
FN:37,(anonymous_3)
FN:47,(anonymous_4)
FN:55,(anonymous_5)
FN:65,(anonymous_6)
FNF:7
FNH:0
FNDA:0,(anonymous_0)
FNDA:0,(anonymous_1)
FNDA:0,(anonymous_2)
FNDA:0,(anonymous_3)
FNDA:0,(anonymous_4)
FNDA:0,(anonymous_5)
FNDA:0,(anonymous_6)
DA:3,2
DA:4,0
DA:5,0
DA:8,0
DA:17,2
DA:18,0
DA:19,0
DA:20,0
DA:21,0
DA:23,0
DA:24,0
DA:28,2
DA:29,0
DA:30,0
DA:31,0
DA:33,0
DA:37,2
DA:38,0
DA:39,0
DA:40,0
DA:41,0
DA:43,0
DA:47,2
DA:48,0
DA:49,0
DA:51,0
DA:55,2
DA:56,0
DA:57,0
DA:58,0
DA:59,0
DA:61,0
DA:65,2
DA:66,0
DA:67,0
DA:69,0
LF:36
LH:7
BRDA:4,0,0,0
BRDA:4,0,1,0
BRF:2
BRH:0
end_of_record
TN:
SF:src/api/userStatus.js
FN:3,(anonymous_0)
FN:17,(anonymous_1)
FN:28,(anonymous_2)
FNF:3
FNH:0
FNDA:0,(anonymous_0)
FNDA:0,(anonymous_1)
FNDA:0,(anonymous_2)
DA:3,1
DA:4,0
DA:5,0
DA:8,0
DA:17,1
DA:18,0
DA:19,0
DA:20,0
DA:21,0
DA:23,0
DA:24,0
DA:28,1
DA:29,0
DA:30,0
DA:32,0
LF:15
LH:3
BRDA:4,0,0,0
BRDA:4,0,1,0
BRF:2
BRH:0
end_of_record
TN:
SF:src/api/users.js
FN:3,(anonymous_0)
FN:17,(anonymous_1)
FN:27,(anonymous_2)
FNF:3
FNH:0
FNDA:0,(anonymous_0)
FNDA:0,(anonymous_1)
FNDA:0,(anonymous_2)
DA:3,2
DA:4,0
DA:5,0
DA:8,0
DA:17,2
DA:18,0
DA:19,0
DA:20,0
DA:22,0
DA:23,0
DA:27,2
DA:28,0
DA:29,0
DA:31,0
LF:14
LH:3
BRDA:4,0,0,0
BRDA:4,0,1,0
BRF:2
BRH:0
end_of_record
TN:
SF:src/components/PropertyTemplate.js
FN:7,(anonymous_0)
FNF:1
FNH:1
FNDA:3,(anonymous_0)
DA:7,2
DA:8,3
LF:2
LH:2
BRDA:18,0,0,1
BRDA:18,0,1,2
BRF:2
BRH:2
end_of_record
TN:
SF:src/components/RowTemplate.js
FN:6,(anonymous_0)
FNF:1
FNH:1
FNDA:6,(anonymous_0)
DA:6,2
DA:14,6
LF:2
LH:2
BRF:0
BRH:0
end_of_record
TN:
SF:src/components/SingleEntryCard.js
FN:7,(anonymous_0)
FNF:1
FNH:1
FNDA:3,(anonymous_0)
DA:7,1
DA:8,3
LF:2
LH:2
BRF:0
BRH:0
end_of_record
TN:
SF:src/components/Summaries.js
FN:9,(anonymous_0)
FN:11,(anonymous_1)
FN:36,(anonymous_2)
FNF:3
FNH:1
FNDA:9,(anonymous_0)
FNDA:0,(anonymous_1)
FNDA:0,(anonymous_2)
DA:9,2
DA:11,9
DA:12,0
DA:13,0
DA:25,9
DA:36,0
LF:6
LH:3
BRF:0
BRH:0
end_of_record
TN:
SF:src/components/SummaryCard.js
FN:10,(anonymous_0)
FNF:1
FNH:1
FNDA:7,(anonymous_0)
DA:6,3
DA:7,3
DA:8,3
DA:10,3
DA:11,7
LF:5
LH:5
BRDA:16,0,0,0
BRDA:16,0,1,7
BRDA:23,1,0,0
BRDA:23,1,1,7
BRF:4
BRH:2
end_of_record
TN:
SF:src/context/SharedContext.js
FN:9,(anonymous_0)
FN:24,(anonymous_1)
FN:25,(anonymous_2)
FN:30,(anonymous_3)
FN:31,(anonymous_4)
FN:33,(anonymous_5)
FN:40,(anonymous_6)
FN:41,(anonymous_7)
FN:46,(anonymous_8)
FN:47,(anonymous_9)
FN:63,(anonymous_10)
FN:64,(anonymous_11)
FN:80,(anonymous_12)
FN:81,(anonymous_13)
FN:97,(anonymous_14)
FN:98,(anonymous_15)
FN:115,(anonymous_16)
FN:116,(anonymous_17)
FN:121,(anonymous_18)
FN:122,(anonymous_19)
FN:136,(anonymous_20)
FN:137,(anonymous_21)
FN:151,(anonymous_22)
FN:152,(anonymous_23)
FN:167,(anonymous_24)
FN:168,(anonymous_25)
FN:173,(anonymous_26)
FN:174,(anonymous_27)
FNF:28
FNH:13
FNDA:0,(anonymous_0)
FNDA:1,(anonymous_1)
FNDA:0,(anonymous_2)
FNDA:1,(anonymous_3)
FNDA:0,(anonymous_4)
FNDA:0,(anonymous_5)
FNDA:1,(anonymous_6)
FNDA:0,(anonymous_7)
FNDA:1,(anonymous_8)
FNDA:0,(anonymous_9)
FNDA:1,(anonymous_10)
FNDA:0,(anonymous_11)
FNDA:1,(anonymous_12)
FNDA:0,(anonymous_13)
FNDA:1,(anonymous_14)
FNDA:0,(anonymous_15)
FNDA:1,(anonymous_16)
FNDA:0,(anonymous_17)
FNDA:1,(anonymous_18)
FNDA:0,(anonymous_19)
FNDA:1,(anonymous_20)
FNDA:0,(anonymous_21)
FNDA:1,(anonymous_22)
FNDA:0,(anonymous_23)
FNDA:1,(anonymous_24)
FNDA:0,(anonymous_25)
FNDA:1,(anonymous_26)
FNDA:0,(anonymous_27)
DA:9,1
DA:10,0
DA:12,0
DA:14,0
DA:16,0
DA:18,0
DA:20,0
DA:24,1
DA:25,1
DA:26,0
DA:30,1
DA:31,1
DA:32,0
DA:34,0
DA:35,0
DA:40,1
DA:41,1
DA:42,0
DA:46,1
DA:47,1
DA:48,0
DA:49,0
DA:55,0
DA:56,0
DA:57,0
DA:58,0
DA:59,0
DA:63,1
DA:64,1
DA:65,0
DA:66,0
DA:72,0
DA:73,0
DA:74,0
DA:75,0
DA:76,0
DA:80,1
DA:81,1
DA:82,0
DA:83,0
DA:89,0
DA:90,0
DA:91,0
DA:92,0
DA:93,0
DA:97,1
DA:98,1
DA:99,0
DA:100,0
DA:107,0
DA:108,0
DA:109,0
DA:110,0
DA:111,0
DA:115,1
DA:116,1
DA:117,0
DA:121,1
DA:122,1
DA:123,0
DA:124,0
DA:129,0
DA:130,0
DA:131,0
DA:132,0
DA:136,1
DA:137,1
DA:138,0
DA:139,0
DA:144,0
DA:145,0
DA:146,0
DA:147,0
DA:151,1
DA:152,1
DA:153,0
DA:154,0
DA:160,0
DA:161,0
DA:162,0
DA:163,0
DA:167,1
DA:168,1
DA:169,0
DA:173,1
DA:174,1
DA:175,0
DA:176,0
DA:180,0
DA:181,0
DA:182,0
DA:186,1
LF:92
LH:28
BRDA:10,0,0,0
BRDA:10,0,1,0
BRDA:10,0,2,0
BRDA:10,0,3,0
BRDA:10,0,4,0
BRDA:26,1,0,0
BRDA:26,1,1,0
BRDA:42,2,0,0
BRDA:42,2,1,0
BRDA:59,3,0,0
BRDA:59,3,1,0
BRDA:76,4,0,0
BRDA:76,4,1,0
BRDA:93,5,0,0
BRDA:93,5,1,0
BRDA:111,6,0,0
BRDA:111,6,1,0
BRDA:117,7,0,0
BRDA:117,7,1,0
BRDA:132,8,0,0
BRDA:132,8,1,0
BRDA:147,9,0,0
BRDA:147,9,1,0
BRDA:163,10,0,0
BRDA:163,10,1,0
BRDA:169,11,0,0
BRDA:169,11,1,0
BRF:27
BRH:0
end_of_record
TN:
SF:src/context/createDataContext.js
FN:3,(anonymous_0)
FN:6,(anonymous_1)
FNF:2
FNH:2
FNDA:1,(anonymous_0)
FNDA:1,(anonymous_1)
DA:4,1
DA:6,1
DA:7,1
DA:10,1
DA:11,1
DA:12,13
DA:15,1
DA:22,1
LF:8
LH:8
BRF:0
BRH:0
end_of_record
TN:
SF:src/screens/HomeScreen.js
FN:22,(anonymous_0)
FN:35,(anonymous_1)
FN:40,(anonymous_2)
FN:68,(anonymous_3)
FN:90,(anonymous_4)
FN:230,(anonymous_5)
FN:253,(anonymous_6)
FN:286,(anonymous_7)
FN:300,(anonymous_8)
FN:311,(anonymous_9)
FN:327,(anonymous_10)
FN:340,(anonymous_11)
FN:349,(anonymous_12)
FN:361,(anonymous_13)
FN:372,(anonymous_14)
FN:378,(anonymous_15)
FN:388,(anonymous_16)
FN:398,(anonymous_17)
FN:406,(anonymous_18)
FN:425,(anonymous_19)
FN:431,(anonymous_20)
FNF:21
FNH:5
FNDA:1,(anonymous_0)
FNDA:0,(anonymous_1)
FNDA:0,(anonymous_2)
FNDA:0,(anonymous_3)
FNDA:0,(anonymous_4)
FNDA:1,(anonymous_5)
FNDA:0,(anonymous_6)
FNDA:0,(anonymous_7)
FNDA:0,(anonymous_8)
FNDA:0,(anonymous_9)
FNDA:0,(anonymous_10)
FNDA:0,(anonymous_11)
FNDA:0,(anonymous_12)
FNDA:1,(anonymous_13)
FNDA:0,(anonymous_14)
FNDA:1,(anonymous_15)
FNDA:0,(anonymous_16)
FNDA:0,(anonymous_17)
FNDA:1,(anonymous_18)
FNDA:0,(anonymous_19)
FNDA:0,(anonymous_20)
DA:12,1
DA:14,1
DA:15,1
DA:16,1
DA:20,1
DA:23,1
DA:25,1
DA:36,0
DA:37,0
DA:40,1
DA:41,0
DA:42,0
DA:43,0
DA:44,0
DA:46,0
DA:47,0
DA:49,0
DA:51,0
DA:52,0
DA:53,0
DA:54,0
DA:55,0
DA:65,0
DA:68,1
DA:69,0
DA:70,0
DA:71,0
DA:72,0
DA:73,0
DA:74,0
DA:76,0
DA:90,1
DA:91,0
DA:227,0
DA:230,1
DA:231,1
DA:232,1
DA:233,1
DA:234,1
DA:235,1
DA:236,1
DA:237,0
DA:238,0
DA:239,0
DA:242,1
DA:244,1
DA:245,1
DA:246,1
DA:248,1
DA:250,1
DA:253,0
DA:286,0
DA:300,1
DA:301,0
DA:302,0
DA:303,0
DA:304,0
DA:306,0
DA:307,0
DA:308,0
DA:311,1
DA:313,0
DA:317,0
DA:319,0
DA:320,0
DA:321,0
DA:322,0
DA:325,0
DA:328,0
DA:329,0
DA:340,1
DA:341,0
DA:342,0
DA:344,0
DA:345,0
DA:347,0
DA:350,0
DA:361,1
DA:362,1
DA:364,1
DA:365,1
DA:366,1
DA:372,0
DA:378,1
DA:379,1
DA:380,1
DA:388,0
DA:398,0
DA:407,1
DA:408,1
DA:426,0
DA:432,0
LF:92
LH:36
BRDA:72,0,0,0
BRDA:72,0,1,0
BRDA:238,1,0,0
BRDA:238,1,1,0
BRDA:244,2,0,0
BRDA:244,2,1,1
BRDA:245,3,0,0
BRDA:245,3,1,1
BRDA:246,4,0,0
BRDA:246,4,1,1
BRDA:248,5,0,0
BRDA:248,5,1,1
BRDA:253,6,0,0
BRDA:253,6,1,0
BRDA:317,7,0,0
BRDA:317,7,1,0
BRDA:321,8,0,0
BRDA:321,8,1,0
BRDA:364,9,0,1
BRDA:364,9,1,0
BRDA:365,10,0,1
BRDA:365,10,1,0
BRDA:372,11,0,0
BRDA:372,11,1,0
BRDA:385,12,0,1
BRDA:385,12,1,0
BRDA:395,13,0,0
BRDA:395,13,1,1
BRF:28
BRH:8
end_of_record
TN:
SF:src/screens/ProfileScreen.js
FN:21,(anonymous_0)
FN:29,(anonymous_1)
FN:32,(anonymous_2)
FN:41,(anonymous_3)
FN:60,(anonymous_4)
FN:78,(anonymous_5)
FN:84,(anonymous_6)
FN:84,(anonymous_7)
FN:94,(anonymous_8)
FN:100,(anonymous_9)
FN:106,(anonymous_10)
FN:112,(anonymous_11)
FN:120,(anonymous_12)
FN:153,(anonymous_13)
FN:164,(anonymous_14)
FNF:15
FNH:2
FNDA:1,(anonymous_0)
FNDA:0,(anonymous_1)
FNDA:0,(anonymous_2)
FNDA:0,(anonymous_3)
FNDA:0,(anonymous_4)
FNDA:0,(anonymous_5)
FNDA:0,(anonymous_6)
FNDA:0,(anonymous_7)
FNDA:0,(anonymous_8)
FNDA:0,(anonymous_9)
FNDA:0,(anonymous_10)
FNDA:0,(anonymous_11)
FNDA:1,(anonymous_12)
FNDA:0,(anonymous_13)
FNDA:0,(anonymous_14)
DA:12,1
DA:13,1
DA:14,1
DA:15,1
DA:18,1
DA:19,1
DA:22,1
DA:24,1
DA:32,1
DA:33,0
DA:34,0
DA:35,0
DA:36,0
DA:41,1
DA:42,0
DA:44,0
DA:51,0
DA:52,0
DA:53,0
DA:55,0
DA:56,0
DA:60,1
DA:61,0
DA:62,0
DA:63,0
DA:78,1
DA:79,0
DA:80,0
DA:82,0
DA:84,0
DA:85,0
DA:94,1
DA:95,0
DA:96,0
DA:97,0
DA:100,1
DA:101,0
DA:102,0
DA:103,0
DA:106,1
DA:107,0
DA:108,0
DA:109,0
DA:112,1
DA:113,0
DA:114,0
DA:115,0
DA:116,0
DA:117,0
DA:121,1
DA:124,0
DA:125,0
DA:143,0
DA:153,0
DA:164,0
LF:55
LH:17
BRDA:33,0,0,0
BRDA:33,0,1,0
BRDA:35,1,0,0
BRDA:35,1,1,0
BRDA:51,2,0,0
BRDA:51,2,1,0
BRDA:82,3,0,0
BRDA:82,3,1,0
BRF:8
BRH:0
end_of_record
